Using pre-set license
Built from '2021.3/release' branch; Version is '2021.3.17f1 (3e8111cac19d) revision 4096273'; Using compiler version '192829333'; Build Type 'Release'
OS: 'Windows 11  (10.0.22631) 64bit Professional' Language: 'en' Physical Memory: 16221 MB
BatchMode: 1, IsHumanControllingUs: 0, StartBugReporterOnCrash: 0, Is64bit: 1, IsPro: 1

COMMAND LINE ARGUMENTS:
C:\Program Files\Unity\Hub\Editor\2021.3.17f1\Editor\Unity.exe
-adb2
-batchMode
-noUpm
-name
AssetImportWorker2
-projectPath
C:/Users/Medya/Documents/GitHub/VertigoDemoProject
-logFile
Logs/AssetImportWorker2.log
-srvPort
61022
Successfully changed project path to: C:/Users/Medya/Documents/GitHub/VertigoDemoProject
C:/Users/Medya/Documents/GitHub/VertigoDemoProject
[UnityMemory] Configuration Parameters - Can be set up in boot.config
    "memorysetup-bucket-allocator-granularity=16"
    "memorysetup-bucket-allocator-bucket-count=8"
    "memorysetup-bucket-allocator-block-size=33554432"
    "memorysetup-bucket-allocator-block-count=8"
    "memorysetup-main-allocator-block-size=16777216"
    "memorysetup-thread-allocator-block-size=16777216"
    "memorysetup-gfx-main-allocator-block-size=16777216"
    "memorysetup-gfx-thread-allocator-block-size=16777216"
    "memorysetup-cache-allocator-block-size=4194304"
    "memorysetup-typetree-allocator-block-size=2097152"
    "memorysetup-profiler-bucket-allocator-granularity=16"
    "memorysetup-profiler-bucket-allocator-bucket-count=8"
    "memorysetup-profiler-bucket-allocator-block-size=33554432"
    "memorysetup-profiler-bucket-allocator-block-count=8"
    "memorysetup-profiler-allocator-block-size=16777216"
    "memorysetup-profiler-editor-allocator-block-size=1048576"
    "memorysetup-temp-allocator-size-main=16777216"
    "memorysetup-job-temp-allocator-block-size=2097152"
    "memorysetup-job-temp-allocator-block-size-background=1048576"
    "memorysetup-job-temp-allocator-reduction-small-platforms=262144"
    "memorysetup-temp-allocator-size-background-worker=32768"
    "memorysetup-temp-allocator-size-job-worker=262144"
    "memorysetup-temp-allocator-size-preload-manager=33554432"
    "memorysetup-temp-allocator-size-nav-mesh-worker=65536"
    "memorysetup-temp-allocator-size-audio-worker=65536"
    "memorysetup-temp-allocator-size-cloud-worker=32768"
    "memorysetup-temp-allocator-size-gi-baking-worker=262144"
    "memorysetup-temp-allocator-size-gfx=262144"
Player connection [16264] Host "[IP] 25.12.106.12 [Port] 0 [Flags] 2 [Guid] 2755857878 [EditorId] 2755857878 [Version] 1048832 [Id] WindowsEditor(7,HiGames16) [Debug] 1 [PackageName] WindowsEditor [ProjectName] Editor" joined multi-casting on [225.0.0.222:54997]...

Player connection [16264] Host "[IP] 25.12.106.12 [Port] 0 [Flags] 2 [Guid] 2755857878 [EditorId] 2755857878 [Version] 1048832 [Id] WindowsEditor(7,HiGames16) [Debug] 1 [PackageName] WindowsEditor [ProjectName] Editor" joined alternative multi-casting on [225.0.0.222:34997]...

Refreshing native plugins compatible for Editor in 113.85 ms, found 3 plugins.
Preloading 0 native plugins for Editor in 0.00 ms.
Initialize engine version: 2021.3.17f1 (3e8111cac19d)
[Subsystems] Discovering subsystems at path C:/Program Files/Unity/Hub/Editor/2021.3.17f1/Editor/Data/Resources/UnitySubsystems
[Subsystems] Discovering subsystems at path C:/Users/Medya/Documents/GitHub/VertigoDemoProject/Assets
GfxDevice: creating device client; threaded=0; jobified=0
Direct3D:
    Version:  Direct3D 11.0 [level 11.1]
    Renderer: NVIDIA GeForce GTX 1650 (ID=0x1f99)
    Vendor:   NVIDIA
    VRAM:     3962 MB
    Driver:   31.0.15.1700
Initialize mono
Mono path[0] = 'C:/Program Files/Unity/Hub/Editor/2021.3.17f1/Editor/Data/Managed'
Mono path[1] = 'C:/Program Files/Unity/Hub/Editor/2021.3.17f1/Editor/Data/MonoBleedingEdge/lib/mono/unityjit-win32'
Mono config path = 'C:/Program Files/Unity/Hub/Editor/2021.3.17f1/Editor/Data/MonoBleedingEdge/etc'
Using monoOptions --debugger-agent=transport=dt_socket,embedding=1,server=y,suspend=n,address=127.0.0.1:56244
Begin MonoManager ReloadAssembly
Registering precompiled unity dll's ...
Register platform support module: C:/Program Files/Unity/Hub/Editor/2021.3.17f1/Editor/Data/PlaybackEngines/WindowsStandaloneSupport/UnityEditor.WindowsStandalone.Extensions.dll
Registered in 0.004068 seconds.
Native extension for WindowsStandalone target not found
Refreshing native plugins compatible for Editor in 85.23 ms, found 3 plugins.
Preloading 0 native plugins for Editor in 0.00 ms.
Mono: successfully reloaded assembly
- Completed reload, in  0.597 seconds
Domain Reload Profiling:
	ReloadAssembly (598ms)
		BeginReloadAssembly (67ms)
			ExecutionOrderSort (0ms)
			DisableScriptedObjects (0ms)
			BackupInstance (0ms)
			ReleaseScriptingObjects (0ms)
			CreateAndSetChildDomain (1ms)
		EndReloadAssembly (428ms)
			LoadAssemblies (65ms)
			RebuildTransferFunctionScriptingTraits (0ms)
			SetupTypeCache (97ms)
			ReleaseScriptCaches (0ms)
			RebuildScriptCaches (28ms)
			SetupLoadedEditorAssemblies (253ms)
				LogAssemblyErrors (0ms)
				InitializePlatformSupportModulesInManaged (6ms)
				SetLoadedEditorAssemblies (0ms)
				RefreshPlugins (85ms)
				BeforeProcessingInitializeOnLoad (1ms)
				ProcessInitializeOnLoadAttributes (117ms)
				ProcessInitializeOnLoadMethodAttributes (43ms)
				AfterProcessingInitializeOnLoad (0ms)
				EditorAssembliesLoaded (0ms)
			ExecutionOrderSort2 (0ms)
			AwakeInstancesAfterBackupRestoration (0ms)
Platform modules already initialized, skipping
Registering precompiled user dll's ...
Registered in 0.004786 seconds.
Begin MonoManager ReloadAssembly
Symbol file LoadedFromMemory doesn't match image C:\Users\Medya\Documents\GitHub\VertigoDemoProject\Library\PackageCache\com.unity.visualscripting@1.8.0\Editor\VisualScripting.Core\Dependencies\YamlDotNet\Unity.VisualScripting.YamlDotNet.dll
Symbol file LoadedFromMemory doesn't match image C:\Users\Medya\Documents\GitHub\VertigoDemoProject\Library\PackageCache\com.unity.visualscripting@1.8.0\Editor\VisualScripting.Core\Dependencies\DotNetZip\Unity.VisualScripting.IonicZip.dll
Native extension for WindowsStandalone target not found
Refreshing native plugins compatible for Editor in 0.49 ms, found 3 plugins.
Preloading 0 native plugins for Editor in 0.00 ms.
Mono: successfully reloaded assembly
- Completed reload, in  1.178 seconds
Domain Reload Profiling:
	ReloadAssembly (1179ms)
		BeginReloadAssembly (119ms)
			ExecutionOrderSort (0ms)
			DisableScriptedObjects (7ms)
			BackupInstance (0ms)
			ReleaseScriptingObjects (0ms)
			CreateAndSetChildDomain (21ms)
		EndReloadAssembly (951ms)
			LoadAssemblies (80ms)
			RebuildTransferFunctionScriptingTraits (0ms)
			SetupTypeCache (250ms)
			ReleaseScriptCaches (1ms)
			RebuildScriptCaches (60ms)
			SetupLoadedEditorAssemblies (526ms)
				LogAssemblyErrors (0ms)
				InitializePlatformSupportModulesInManaged (5ms)
				SetLoadedEditorAssemblies (0ms)
				RefreshPlugins (1ms)
				BeforeProcessingInitializeOnLoad (93ms)
				ProcessInitializeOnLoadAttributes (393ms)
				ProcessInitializeOnLoadMethodAttributes (26ms)
				AfterProcessingInitializeOnLoad (7ms)
				EditorAssembliesLoaded (0ms)
			ExecutionOrderSort2 (0ms)
			AwakeInstancesAfterBackupRestoration (6ms)
Platform modules already initialized, skipping
========================================================================
Worker process is ready to serve import requests
Launched and connected shader compiler UnityShaderCompiler.exe after 0.05 seconds
Refreshing native plugins compatible for Editor in 0.79 ms, found 3 plugins.
Preloading 0 native plugins for Editor in 0.00 ms.
Unloading 3377 Unused Serialized files (Serialized files now loaded: 0)
Unloading 27 unused Assets / (113.4 KB). Loaded Objects now: 3835.
Memory consumption went from 115.7 MB to 115.6 MB.
Total: 4.290600 ms (FindLiveObjects: 0.259200 ms CreateObjectMapping: 0.236200 ms MarkObjects: 3.704900 ms  DeleteObjects: 0.089400 ms)

AssetImportParameters requested are different than current active one (requested -> active):
  custom:video-decoder-ogg-theora: a1e56fd34408186e4bbccfd4996cb3dc -> 
  custom:container-muxer-webm: aa71ff27fc2769a1b78a27578f13a17b -> 
  custom:container-demuxer-webm: 4f35f7cbe854078d1ac9338744f61a02 -> 
  custom:video-encoder-webm-vp8: eb34c28f22e8b96e1ab97ce403110664 -> 
  custom:audio-encoder-webm-vorbis: bf7c407c2cedff20999df2af8eb42d56 -> 
  custom:framework-win-MediaFoundation: 216162199b28c13a410421893ffa2e32 -> 
  custom:container-demuxer-ogg: 62fdf1f143b41e24485cea50d1cbac27 -> 
  custom:video-decoder-webm-vp8: 9c59270c3fd7afecdb556c50c9e8de78 -> 
  custom:audio-decoder-ogg-vorbis: bf7c407c2cedff20999df2af8eb42d56 -> 
========================================================================
Received Import Request.
  Time since last request: 896175.356568 seconds.
  path: Assets/Art/Sprites/star_flash_alpha.png
  artifactKey: Guid(2a60b19caca568149bb86a27caf43ba0) Importer(815301076,1909f56bfc062723c751e8b465ee728b)
Start importing Assets/Art/Sprites/star_flash_alpha.png using Guid(2a60b19caca568149bb86a27caf43ba0) Importer(815301076,1909f56bfc062723c751e8b465ee728b)  -> (artifact id: '3785cc988caaffa5a01cb245ee57ab3c') in 0.126572 seconds 
========================================================================
Received Import Request.
  Time since last request: 0.000031 seconds.
  path: Assets/Art/Sprites/UI_Icon_Renders_tier2_mle.png
  artifactKey: Guid(545b4cbeee2483d47abe8c12d6d2f491) Importer(815301076,1909f56bfc062723c751e8b465ee728b)
Start importing Assets/Art/Sprites/UI_Icon_Renders_tier2_mle.png using Guid(545b4cbeee2483d47abe8c12d6d2f491) Importer(815301076,1909f56bfc062723c751e8b465ee728b)  -> (artifact id: '80798c56569e9ba6e46fc0216399b0e9') in 0.019006 seconds 
========================================================================
Received Import Request.
  Time since last request: 0.000039 seconds.
  path: Assets/Art/Sprites/UI_icon_chest_super_nolight.png
  artifactKey: Guid(01257364a512e434faaa14ee022be68b) Importer(815301076,1909f56bfc062723c751e8b465ee728b)
Start importing Assets/Art/Sprites/UI_icon_chest_super_nolight.png using Guid(01257364a512e434faaa14ee022be68b) Importer(815301076,1909f56bfc062723c751e8b465ee728b)  -> (artifact id: '060b02ed21ac59962b0d189cfd4ae043') in 0.016140 seconds 
========================================================================
Received Import Request.
  Time since last request: 0.000040 seconds.
  path: Assets/Art/Sprites/ui_icon_render_cons_grenade_m26.png
  artifactKey: Guid(cbbd5200bce3aac4f895542d01d3e17f) Importer(815301076,1909f56bfc062723c751e8b465ee728b)
Start importing Assets/Art/Sprites/ui_icon_render_cons_grenade_m26.png using Guid(cbbd5200bce3aac4f895542d01d3e17f) Importer(815301076,1909f56bfc062723c751e8b465ee728b)  -> (artifact id: '282346bd30c4a87e198ffa7ab3825c76') in 0.018492 seconds 
========================================================================
Received Import Request.
  Time since last request: 0.000048 seconds.
  path: Assets/Art/Sprites/ui_card_panel_zone_white.png
  artifactKey: Guid(10a593ae23a9f2c419c09f0c78127892) Importer(815301076,1909f56bfc062723c751e8b465ee728b)
Start importing Assets/Art/Sprites/ui_card_panel_zone_white.png using Guid(10a593ae23a9f2c419c09f0c78127892) Importer(815301076,1909f56bfc062723c751e8b465ee728b)  -> (artifact id: 'e3997d3372e6e5d87e6d32f23fa07545') in 0.015738 seconds 
========================================================================
Received Import Request.
  Time since last request: 0.000044 seconds.
  path: Assets/Art/Sprites/ui_card_frame_12px_neutral.png
  artifactKey: Guid(f1302bef69b44e143adafb626e1c97db) Importer(815301076,1909f56bfc062723c751e8b465ee728b)
Start importing Assets/Art/Sprites/ui_card_frame_12px_neutral.png using Guid(f1302bef69b44e143adafb626e1c97db) Importer(815301076,1909f56bfc062723c751e8b465ee728b)  -> (artifact id: '03d323c42af9e7417bf06af46adec1e6') in 0.017221 seconds 
========================================================================
Received Import Request.
  Time since last request: 0.000037 seconds.
  path: Assets/Art/Sprites/UI_icon_chest_standart_nolight.png
  artifactKey: Guid(ea47df9146d00224d9a3a1908cf91e2c) Importer(815301076,1909f56bfc062723c751e8b465ee728b)
Start importing Assets/Art/Sprites/UI_icon_chest_standart_nolight.png using Guid(ea47df9146d00224d9a3a1908cf91e2c) Importer(815301076,1909f56bfc062723c751e8b465ee728b)  -> (artifact id: '7f8a03da6fe207a5d8c90469065465e9') in 0.016842 seconds 
========================================================================
Received Import Request.
  Time since last request: 0.000055 seconds.
  path: Assets/Art/Sprites/ui_icon_baseball_cap_easter.png
  artifactKey: Guid(bc8971f518cafd146b75ce418fd1b532) Importer(815301076,1909f56bfc062723c751e8b465ee728b)
Start importing Assets/Art/Sprites/ui_icon_baseball_cap_easter.png using Guid(bc8971f518cafd146b75ce418fd1b532) Importer(815301076,1909f56bfc062723c751e8b465ee728b)  -> (artifact id: '8a27cbafa9e2c9f6ae841e8a20848216') in 0.015795 seconds 
========================================================================
Received Import Request.
  Time since last request: 0.000026 seconds.
  path: Assets/Art/Sprites/ui_card_frame_gardient.png
  artifactKey: Guid(200f825f5e2e8874ab1565047ea3caf7) Importer(815301076,1909f56bfc062723c751e8b465ee728b)
Start importing Assets/Art/Sprites/ui_card_frame_gardient.png using Guid(200f825f5e2e8874ab1565047ea3caf7) Importer(815301076,1909f56bfc062723c751e8b465ee728b)  -> (artifact id: '19b13d9045f695c4e83b2631ad812df2') in 0.017854 seconds 
========================================================================
Received Import Request.
  Time since last request: 0.000032 seconds.
  path: Assets/Art/Sprites/UI_Icons_Armor_Points.png
  artifactKey: Guid(e7819d6009e17f546a93731f3c547862) Importer(815301076,1909f56bfc062723c751e8b465ee728b)
Start importing Assets/Art/Sprites/UI_Icons_Armor_Points.png using Guid(e7819d6009e17f546a93731f3c547862) Importer(815301076,1909f56bfc062723c751e8b465ee728b)  -> (artifact id: '0cfbe5871fc54d0076492a3649e5c5a6') in 0.017244 seconds 
========================================================================
Received Import Request.
  Time since last request: 0.000029 seconds.
  path: Assets/Art/Sprites/ui_card_frame_4px_zone.png
  artifactKey: Guid(692204f53bec3e14686eb003131a62e8) Importer(815301076,1909f56bfc062723c751e8b465ee728b)
Start importing Assets/Art/Sprites/ui_card_frame_4px_zone.png using Guid(692204f53bec3e14686eb003131a62e8) Importer(815301076,1909f56bfc062723c751e8b465ee728b)  -> (artifact id: 'a880106aa68768053b4c1c403536973b') in 0.017177 seconds 
========================================================================
Received Import Request.
  Time since last request: 0.000032 seconds.
  path: Assets/Art/Sprites/ui_icon_render_cons_healthshot_2_regenerator.png
  artifactKey: Guid(0e141ca8c9f7942408649d7c2f0bf8d6) Importer(815301076,1909f56bfc062723c751e8b465ee728b)
Start importing Assets/Art/Sprites/ui_icon_render_cons_healthshot_2_regenerator.png using Guid(0e141ca8c9f7942408649d7c2f0bf8d6) Importer(815301076,1909f56bfc062723c751e8b465ee728b)  -> (artifact id: '71aed41d53ceac423adb812b25b9fa86') in 0.015340 seconds 
========================================================================
Received Import Request.
  Time since last request: 0.000054 seconds.
  path: Assets/Art/Sprites/UI_Icon_Renders_tier1_shotgun.png
  artifactKey: Guid(ca27d8821c041644b9478882c1bc41f1) Importer(815301076,1909f56bfc062723c751e8b465ee728b)
Start importing Assets/Art/Sprites/UI_Icon_Renders_tier1_shotgun.png using Guid(ca27d8821c041644b9478882c1bc41f1) Importer(815301076,1909f56bfc062723c751e8b465ee728b)  -> (artifact id: '5989bf9a7129fd9adae8e9dbf1c26da5') in 0.018927 seconds 
========================================================================
Received Import Request.
  Time since last request: 0.000026 seconds.
  path: Assets/Art/Sprites/ui_icon_render_t_cons_molotov.png
  artifactKey: Guid(11b9bd9aa8bb4514792310cd573e2a72) Importer(815301076,1909f56bfc062723c751e8b465ee728b)
Start importing Assets/Art/Sprites/ui_icon_render_t_cons_molotov.png using Guid(11b9bd9aa8bb4514792310cd573e2a72) Importer(815301076,1909f56bfc062723c751e8b465ee728b)  -> (artifact id: 'dd242f9ab3344b45e7729451e8958673') in 0.020114 seconds 
========================================================================
Received Import Request.
  Time since last request: 0.000036 seconds.
  path: Assets/Art/Sprites/ui_icon_mle_bayonet_easter_time.png
  artifactKey: Guid(f72d56c69d30b5147b445a84e6771d88) Importer(815301076,1909f56bfc062723c751e8b465ee728b)
Start importing Assets/Art/Sprites/ui_icon_mle_bayonet_easter_time.png using Guid(f72d56c69d30b5147b445a84e6771d88) Importer(815301076,1909f56bfc062723c751e8b465ee728b)  -> (artifact id: '3f7f48976056b4adde43917e71e5f80b') in 0.017125 seconds 
========================================================================
Received Import Request.
  Time since last request: 0.000027 seconds.
  path: Assets/Art/Sprites/UI_Icon_Renders_tier2_rifle.png
  artifactKey: Guid(46876b5c582b18a4bb1d45078d7a0052) Importer(815301076,1909f56bfc062723c751e8b465ee728b)
Start importing Assets/Art/Sprites/UI_Icon_Renders_tier2_rifle.png using Guid(46876b5c582b18a4bb1d45078d7a0052) Importer(815301076,1909f56bfc062723c751e8b465ee728b)  -> (artifact id: '8f396adebf0a7a3189c36386c72631d0') in 0.016725 seconds 
========================================================================
Received Import Request.
  Time since last request: 0.000028 seconds.
  path: Assets/Art/Sprites/UI_icon_chest_gold_nolight.png
  artifactKey: Guid(d238d4ab9905800459913a2ac89c1da9) Importer(815301076,1909f56bfc062723c751e8b465ee728b)
Start importing Assets/Art/Sprites/UI_icon_chest_gold_nolight.png using Guid(d238d4ab9905800459913a2ac89c1da9) Importer(815301076,1909f56bfc062723c751e8b465ee728b)  -> (artifact id: '5232d3632e6ce9051ae854c08afc00b7') in 0.017005 seconds 
========================================================================
Received Import Request.
  Time since last request: 0.000028 seconds.
  path: Assets/Art/Sprites/ui_icon_helmet_pumpkin.png
  artifactKey: Guid(39911d055b731e640ab8089aadba28c2) Importer(815301076,1909f56bfc062723c751e8b465ee728b)
Start importing Assets/Art/Sprites/ui_icon_helmet_pumpkin.png using Guid(39911d055b731e640ab8089aadba28c2) Importer(815301076,1909f56bfc062723c751e8b465ee728b)  -> (artifact id: '276b79659d7ca59681ea81069b020083') in 0.015647 seconds 
========================================================================
Received Import Request.
  Time since last request: 0.000024 seconds.
  path: Assets/Art/Sprites/UI_Icons_Shotgun_Points.png
  artifactKey: Guid(f3e017a276ed94440938fcc061f62785) Importer(815301076,1909f56bfc062723c751e8b465ee728b)
Start importing Assets/Art/Sprites/UI_Icons_Shotgun_Points.png using Guid(f3e017a276ed94440938fcc061f62785) Importer(815301076,1909f56bfc062723c751e8b465ee728b)  -> (artifact id: 'e9c6794a74b0b10ac582b2657b9db3c8') in 0.019904 seconds 
========================================================================
Received Import Request.
  Time since last request: 0.000021 seconds.
  path: Assets/Art/Sprites/UI_button_orange_standard.png
  artifactKey: Guid(59ddc2fc346a88e4580258d43a6cdc2b) Importer(815301076,1909f56bfc062723c751e8b465ee728b)
Start importing Assets/Art/Sprites/UI_button_orange_standard.png using Guid(59ddc2fc346a88e4580258d43a6cdc2b) Importer(815301076,1909f56bfc062723c751e8b465ee728b)  -> (artifact id: '0a9db35dd2d815b65bb9dbf523a4e69c') in 0.015026 seconds 
========================================================================
Received Import Request.
  Time since last request: 0.000030 seconds.
  path: Assets/Art/Sprites/UI_icon_chest_Bronze_nolight.png
  artifactKey: Guid(fe3203ce482c3284c886fdea055cd244) Importer(815301076,1909f56bfc062723c751e8b465ee728b)
Start importing Assets/Art/Sprites/UI_icon_chest_Bronze_nolight.png using Guid(fe3203ce482c3284c886fdea055cd244) Importer(815301076,1909f56bfc062723c751e8b465ee728b)  -> (artifact id: '3e4e0f2f16c24b4c9667935c540ffc03') in 0.018086 seconds 
========================================================================
Received Import Request.
  Time since last request: 0.000026 seconds.
  path: Assets/Art/Sprites/UI_Icons_SMG_Points.png
  artifactKey: Guid(ce591204d68eebe499906646882b29fc) Importer(815301076,1909f56bfc062723c751e8b465ee728b)
Start importing Assets/Art/Sprites/UI_Icons_SMG_Points.png using Guid(ce591204d68eebe499906646882b29fc) Importer(815301076,1909f56bfc062723c751e8b465ee728b)  -> (artifact id: '14ea76ac4beeaee177f9e29e44068c8d') in 0.014255 seconds 
========================================================================
Received Import Request.
  Time since last request: 0.000041 seconds.
  path: Assets/Art/Sprites/ui_card_icon_death.png
  artifactKey: Guid(7e226bb718c8b3f40854ede19507b3f6) Importer(815301076,1909f56bfc062723c751e8b465ee728b)
Start importing Assets/Art/Sprites/ui_card_icon_death.png using Guid(7e226bb718c8b3f40854ede19507b3f6) Importer(815301076,1909f56bfc062723c751e8b465ee728b)  -> (artifact id: '9d108e07e64023ed6e74a1ce14c072dc') in 0.015317 seconds 
========================================================================
Received Import Request.
  Time since last request: 0.000065 seconds.
  path: Assets/Art/Sprites/UI_Icon_Renders_tier3_sniper.png
  artifactKey: Guid(9fe88b59feec1154aac2ad33e5ffbaa0) Importer(815301076,1909f56bfc062723c751e8b465ee728b)
Start importing Assets/Art/Sprites/UI_Icon_Renders_tier3_sniper.png using Guid(9fe88b59feec1154aac2ad33e5ffbaa0) Importer(815301076,1909f56bfc062723c751e8b465ee728b)  -> (artifact id: 'a19901ae98989a25ebd4171ef5d1dc70') in 0.014998 seconds 
========================================================================
Received Import Request.
  Time since last request: 1.209473 seconds.
  path: Assets/Art/Sprites/ui_spin_bronze_indicator.png
  artifactKey: Guid(205b9e2f943677e4f87ca2aaef9df7d9) Importer(815301076,1909f56bfc062723c751e8b465ee728b)
Start importing Assets/Art/Sprites/ui_spin_bronze_indicator.png using Guid(205b9e2f943677e4f87ca2aaef9df7d9) Importer(815301076,1909f56bfc062723c751e8b465ee728b)  -> (artifact id: '76059e46a1200aca6ee8d26e02be1671') in 0.015425 seconds 
========================================================================
Received Import Request.
  Time since last request: 0.000023 seconds.
  path: Assets/Art/Sprites/ui_spin_silver_indicator.png
  artifactKey: Guid(0e6e8495aac84c149baa5a18e992a94f) Importer(815301076,1909f56bfc062723c751e8b465ee728b)
Start importing Assets/Art/Sprites/ui_spin_silver_indicator.png using Guid(0e6e8495aac84c149baa5a18e992a94f) Importer(815301076,1909f56bfc062723c751e8b465ee728b)  -> (artifact id: 'c772bcdc4549ce2a687daff9617a3be2') in 0.012062 seconds 
========================================================================
Received Import Request.
  Time since last request: 0.000028 seconds.
  path: Assets/Art/Sprites/ui_spin_golden_indicator.png
  artifactKey: Guid(c0c3300b4f800ec43a99ea0fc4496f3b) Importer(815301076,1909f56bfc062723c751e8b465ee728b)
Start importing Assets/Art/Sprites/ui_spin_golden_indicator.png using Guid(c0c3300b4f800ec43a99ea0fc4496f3b) Importer(815301076,1909f56bfc062723c751e8b465ee728b)  -> (artifact id: '749525f68495f870835b07fed10692a3') in 0.014686 seconds 
========================================================================
Received Import Request.
  Time since last request: 24.636317 seconds.
  path: Assets/Art/Sprites/UI_Icons_SMG_Points.png
  artifactKey: Guid(ce591204d68eebe499906646882b29fc) Importer(815301076,1909f56bfc062723c751e8b465ee728b)
Start importing Assets/Art/Sprites/UI_Icons_SMG_Points.png using Guid(ce591204d68eebe499906646882b29fc) Importer(815301076,1909f56bfc062723c751e8b465ee728b)  -> (artifact id: '819fbaebada098a0b93f78fc4e4eb971') in 0.055780 seconds 
========================================================================
Received Import Request.
  Time since last request: 0.026466 seconds.
  path: Assets/Art/Sprites/UI_icon_chest_gold_nolight.png
  artifactKey: Guid(d238d4ab9905800459913a2ac89c1da9) Importer(815301076,1909f56bfc062723c751e8b465ee728b)
Start importing Assets/Art/Sprites/UI_icon_chest_gold_nolight.png using Guid(d238d4ab9905800459913a2ac89c1da9) Importer(815301076,1909f56bfc062723c751e8b465ee728b)  -> (artifact id: '20379e0915cfe9d887d079b93f61e0f5') in 0.042996 seconds 
========================================================================
Received Import Request.
  Time since last request: 0.000055 seconds.
  path: Assets/Art/Sprites/UI_Icons_Submachine_Points.png
  artifactKey: Guid(4329684275408f242988b1736b3f96c2) Importer(815301076,1909f56bfc062723c751e8b465ee728b)
Start importing Assets/Art/Sprites/UI_Icons_Submachine_Points.png using Guid(4329684275408f242988b1736b3f96c2) Importer(815301076,1909f56bfc062723c751e8b465ee728b)  -> (artifact id: 'd15f28832fdbaddf401054f0c9ec74f3') in 0.029221 seconds 
========================================================================
Received Import Request.
  Time since last request: 0.000032 seconds.
  path: Assets/Art/Sprites/UI_Icons_Vest_Points.png
  artifactKey: Guid(0723f5e369e83234ba279914f1397a19) Importer(815301076,1909f56bfc062723c751e8b465ee728b)
Start importing Assets/Art/Sprites/UI_Icons_Vest_Points.png using Guid(0723f5e369e83234ba279914f1397a19) Importer(815301076,1909f56bfc062723c751e8b465ee728b)  -> (artifact id: 'ee09e2f97276b64785ad13a9b06d9806') in 0.033394 seconds 
========================================================================
Received Import Request.
  Time since last request: 0.000055 seconds.
  path: Assets/Art/Sprites/ui_icon_render_cons_healthshot_2_neurostim.png
  artifactKey: Guid(36ce415099c2dcb47be70aef44a936a4) Importer(815301076,1909f56bfc062723c751e8b465ee728b)
Start importing Assets/Art/Sprites/ui_icon_render_cons_healthshot_2_neurostim.png using Guid(36ce415099c2dcb47be70aef44a936a4) Importer(815301076,1909f56bfc062723c751e8b465ee728b)  -> (artifact id: 'ecef59b1d51bd609372ed16b3694590e') in 0.043093 seconds 
========================================================================
Received Import Request.
  Time since last request: 0.000031 seconds.
  path: Assets/Art/Sprites/UI_Icons_Rifle_Points.png
  artifactKey: Guid(b37d72175d659df4baa2664a5362461c) Importer(815301076,1909f56bfc062723c751e8b465ee728b)
Start importing Assets/Art/Sprites/UI_Icons_Rifle_Points.png using Guid(b37d72175d659df4baa2664a5362461c) Importer(815301076,1909f56bfc062723c751e8b465ee728b)  -> (artifact id: '79c26f54709189d4d70c4d83e09185e9') in 0.025577 seconds 
========================================================================
Received Import Request.
  Time since last request: 0.000029 seconds.
  path: Assets/Art/Sprites/UI_Icon_Renders_tier3_smg.png
  artifactKey: Guid(de8641af7cb45c44cac19da65a287104) Importer(815301076,1909f56bfc062723c751e8b465ee728b)
Start importing Assets/Art/Sprites/UI_Icon_Renders_tier3_smg.png using Guid(de8641af7cb45c44cac19da65a287104) Importer(815301076,1909f56bfc062723c751e8b465ee728b)  -> (artifact id: '89674de38da05645522d2b17d370e9b9') in 0.031954 seconds 
========================================================================
Received Import Request.
  Time since last request: 0.000063 seconds.
  path: Assets/Art/Sprites/UI_Icon_Renders_tier3_shotgun.png
  artifactKey: Guid(30a7198afb623074a9c1500f9082dc2c) Importer(815301076,1909f56bfc062723c751e8b465ee728b)
Start importing Assets/Art/Sprites/UI_Icon_Renders_tier3_shotgun.png using Guid(30a7198afb623074a9c1500f9082dc2c) Importer(815301076,1909f56bfc062723c751e8b465ee728b)  -> (artifact id: '05a647779fb626ed77b1314e710a2dcf') in 0.029530 seconds 
========================================================================
Received Import Request.
  Time since last request: 0.000023 seconds.
  path: Assets/Art/Sprites/ui_icon_render_cons_healthshot_2_regenerator.png
  artifactKey: Guid(0e141ca8c9f7942408649d7c2f0bf8d6) Importer(815301076,1909f56bfc062723c751e8b465ee728b)
Start importing Assets/Art/Sprites/ui_icon_render_cons_healthshot_2_regenerator.png using Guid(0e141ca8c9f7942408649d7c2f0bf8d6) Importer(815301076,1909f56bfc062723c751e8b465ee728b)  -> (artifact id: '3275b63c15323bc886de394639e1b4fe') in 0.038940 seconds 
========================================================================
Received Import Request.
  Time since last request: 0.000025 seconds.
  path: Assets/Art/Sprites/ui_spin_golden_indicator.png
  artifactKey: Guid(c0c3300b4f800ec43a99ea0fc4496f3b) Importer(815301076,1909f56bfc062723c751e8b465ee728b)
Start importing Assets/Art/Sprites/ui_spin_golden_indicator.png using Guid(c0c3300b4f800ec43a99ea0fc4496f3b) Importer(815301076,1909f56bfc062723c751e8b465ee728b)  -> (artifact id: '2f8e66518d1d6499ce3cb8e555e26c5e') in 0.017433 seconds 
========================================================================
Received Import Request.
  Time since last request: 0.000023 seconds.
  path: Assets/Art/Sprites/ui_icon_mle_bayonet_easter_time.png
  artifactKey: Guid(f72d56c69d30b5147b445a84e6771d88) Importer(815301076,1909f56bfc062723c751e8b465ee728b)
Start importing Assets/Art/Sprites/ui_icon_mle_bayonet_easter_time.png using Guid(f72d56c69d30b5147b445a84e6771d88) Importer(815301076,1909f56bfc062723c751e8b465ee728b)  -> (artifact id: '42cafd167c1767e1abb3b8ee21d8a403') in 0.032095 seconds 
========================================================================
Received Import Request.
  Time since last request: 0.000043 seconds.
  path: Assets/Art/Sprites/UI_icon_gold.png
  artifactKey: Guid(02a733d27a97e4e4e8ff060b188dcfce) Importer(815301076,1909f56bfc062723c751e8b465ee728b)
Start importing Assets/Art/Sprites/UI_icon_gold.png using Guid(02a733d27a97e4e4e8ff060b188dcfce) Importer(815301076,1909f56bfc062723c751e8b465ee728b)  -> (artifact id: '5c25fedaf36b7d36c26b7275bd3021ce') in 0.027632 seconds 
========================================================================
Received Import Request.
  Time since last request: 0.000030 seconds.
  path: Assets/Art/Sprites/ui_icon_mle_bayonet_summer_vice.png
  artifactKey: Guid(aa5ca3f644951664eaabc105dd09dc9c) Importer(815301076,1909f56bfc062723c751e8b465ee728b)
Start importing Assets/Art/Sprites/ui_icon_mle_bayonet_summer_vice.png using Guid(aa5ca3f644951664eaabc105dd09dc9c) Importer(815301076,1909f56bfc062723c751e8b465ee728b)  -> (artifact id: '02b314dc3e11e336abb62a9faf053154') in 0.026356 seconds 
========================================================================
Received Import Request.
  Time since last request: 0.000025 seconds.
  path: Assets/Art/Sprites/UI_Icons_Knife_Points.png
  artifactKey: Guid(1c23215fe93fe504f9047ecfeb42c27e) Importer(815301076,1909f56bfc062723c751e8b465ee728b)
Start importing Assets/Art/Sprites/UI_Icons_Knife_Points.png using Guid(1c23215fe93fe504f9047ecfeb42c27e) Importer(815301076,1909f56bfc062723c751e8b465ee728b)  -> (artifact id: '94e44227d2a803390b711aa820aedf4f') in 0.026181 seconds 
========================================================================
Received Import Request.
  Time since last request: 0.000046 seconds.
  path: Assets/Art/Sprites/UI_Icon_Renders_tier3_sniper.png
  artifactKey: Guid(9fe88b59feec1154aac2ad33e5ffbaa0) Importer(815301076,1909f56bfc062723c751e8b465ee728b)
Start importing Assets/Art/Sprites/UI_Icon_Renders_tier3_sniper.png using Guid(9fe88b59feec1154aac2ad33e5ffbaa0) Importer(815301076,1909f56bfc062723c751e8b465ee728b)  -> (artifact id: '0f3c680ef4c6234086443d71f215693a') in 0.026663 seconds 
========================================================================
Received Import Request.
  Time since last request: 0.626967 seconds.
  path: Assets/Art/Sprites/ui_card_panel_zone_current.png
  artifactKey: Guid(b4923ee9765b34446ba2affa90ad8705) Importer(815301076,1909f56bfc062723c751e8b465ee728b)
Start importing Assets/Art/Sprites/ui_card_panel_zone_current.png using Guid(b4923ee9765b34446ba2affa90ad8705) Importer(815301076,1909f56bfc062723c751e8b465ee728b)  -> (artifact id: 'ea40ba7389d075a02db1251eba700979') in 0.019998 seconds 
========================================================================
Received Import Request.
  Time since last request: 0.000022 seconds.
  path: Assets/Art/Sprites/ui_card_zone_map_frame.png
  artifactKey: Guid(0a9e2a53a60e90b41b47b7dfdec5c180) Importer(815301076,1909f56bfc062723c751e8b465ee728b)
Start importing Assets/Art/Sprites/ui_card_zone_map_frame.png using Guid(0a9e2a53a60e90b41b47b7dfdec5c180) Importer(815301076,1909f56bfc062723c751e8b465ee728b)  -> (artifact id: '8dbdd439d314a30d6faa3df735237cce') in 0.018570 seconds 
========================================================================
Received Import Request.
  Time since last request: 0.000026 seconds.
  path: Assets/Art/Sprites/ui_icon_baseball_cap_easter.png
  artifactKey: Guid(bc8971f518cafd146b75ce418fd1b532) Importer(815301076,1909f56bfc062723c751e8b465ee728b)
Start importing Assets/Art/Sprites/ui_icon_baseball_cap_easter.png using Guid(bc8971f518cafd146b75ce418fd1b532) Importer(815301076,1909f56bfc062723c751e8b465ee728b)  -> (artifact id: '90e73745905d0be2df5782b1c0d58f4d') in 0.033294 seconds 
========================================================================
Received Import Request.
  Time since last request: 0.000030 seconds.
  path: Assets/Art/Sprites/UI_icon_chest_Bronze_nolight.png
  artifactKey: Guid(fe3203ce482c3284c886fdea055cd244) Importer(815301076,1909f56bfc062723c751e8b465ee728b)
Start importing Assets/Art/Sprites/UI_icon_chest_Bronze_nolight.png using Guid(fe3203ce482c3284c886fdea055cd244) Importer(815301076,1909f56bfc062723c751e8b465ee728b)  -> (artifact id: '04bdf16b1726100f678b419339854732') in 0.026982 seconds 
========================================================================
Received Import Request.
  Time since last request: 13.411843 seconds.
  path: Assets/Art/Sprites/star_flash_alpha.png
  artifactKey: Guid(2a60b19caca568149bb86a27caf43ba0) Importer(815301076,1909f56bfc062723c751e8b465ee728b)
Start importing Assets/Art/Sprites/star_flash_alpha.png using Guid(2a60b19caca568149bb86a27caf43ba0) Importer(815301076,1909f56bfc062723c751e8b465ee728b)  -> (artifact id: '4a2ee9044d94c91cdbd36e083a10118a') in 0.039260 seconds 
========================================================================
Received Import Request.
  Time since last request: 0.000025 seconds.
  path: Assets/Art/Sprites/ui_card_frame_gardient.png
  artifactKey: Guid(200f825f5e2e8874ab1565047ea3caf7) Importer(815301076,1909f56bfc062723c751e8b465ee728b)
Start importing Assets/Art/Sprites/ui_card_frame_gardient.png using Guid(200f825f5e2e8874ab1565047ea3caf7) Importer(815301076,1909f56bfc062723c751e8b465ee728b)  -> (artifact id: 'ec50972072ba823aab8be9fbc6b6e302') in 0.024564 seconds 
========================================================================
Received Import Request.
  Time since last request: 0.000029 seconds.
  path: Assets/Art/Sprites/UI_button_orange_standard.png
  artifactKey: Guid(59ddc2fc346a88e4580258d43a6cdc2b) Importer(815301076,1909f56bfc062723c751e8b465ee728b)
Start importing Assets/Art/Sprites/UI_button_orange_standard.png using Guid(59ddc2fc346a88e4580258d43a6cdc2b) Importer(815301076,1909f56bfc062723c751e8b465ee728b)  -> (artifact id: 'eb14fbaff7b4030d4818a3e2e93deb31') in 0.022738 seconds 
========================================================================
Received Prepare
Registering precompiled user dll's ...
Registered in 0.005939 seconds.
Begin MonoManager ReloadAssembly
Symbol file LoadedFromMemory doesn't match image C:\Users\Medya\Documents\GitHub\VertigoDemoProject\Library\PackageCache\com.unity.visualscripting@1.8.0\Editor\VisualScripting.Core\Dependencies\YamlDotNet\Unity.VisualScripting.YamlDotNet.dll
Symbol file LoadedFromMemory doesn't match image C:\Users\Medya\Documents\GitHub\VertigoDemoProject\Library\PackageCache\com.unity.visualscripting@1.8.0\Editor\VisualScripting.Core\Dependencies\DotNetZip\Unity.VisualScripting.IonicZip.dll
Native extension for WindowsStandalone target not found
Refreshing native plugins compatible for Editor in 0.58 ms, found 3 plugins.
Preloading 0 native plugins for Editor in 0.00 ms.
Mono: successfully reloaded assembly
- Completed reload, in  1.336 seconds
Domain Reload Profiling:
	ReloadAssembly (1336ms)
		BeginReloadAssembly (164ms)
			ExecutionOrderSort (0ms)
			DisableScriptedObjects (6ms)
			BackupInstance (0ms)
			ReleaseScriptingObjects (0ms)
			CreateAndSetChildDomain (52ms)
		EndReloadAssembly (1064ms)
			LoadAssemblies (93ms)
			RebuildTransferFunctionScriptingTraits (0ms)
			SetupTypeCache (321ms)
			ReleaseScriptCaches (1ms)
			RebuildScriptCaches (54ms)
			SetupLoadedEditorAssemblies (557ms)
				LogAssemblyErrors (0ms)
				InitializePlatformSupportModulesInManaged (13ms)
				SetLoadedEditorAssemblies (0ms)
				RefreshPlugins (1ms)
				BeforeProcessingInitializeOnLoad (90ms)
				ProcessInitializeOnLoadAttributes (417ms)
				ProcessInitializeOnLoadMethodAttributes (26ms)
				AfterProcessingInitializeOnLoad (10ms)
				EditorAssembliesLoaded (0ms)
			ExecutionOrderSort2 (0ms)
			AwakeInstancesAfterBackupRestoration (7ms)
Platform modules already initialized, skipping
Refreshing native plugins compatible for Editor in 2.38 ms, found 3 plugins.
Preloading 0 native plugins for Editor in 0.00 ms.
Unloading 3409 Unused Serialized files (Serialized files now loaded: 0)
Unloading 20 unused Assets / (79.9 KB). Loaded Objects now: 3906.
Memory consumption went from 121.4 MB to 121.3 MB.
Total: 4.035800 ms (FindLiveObjects: 0.284200 ms CreateObjectMapping: 0.221900 ms MarkObjects: 3.436600 ms  DeleteObjects: 0.092000 ms)

AssetImportParameters requested are different than current active one (requested -> active):
  custom:video-decoder-ogg-theora: a1e56fd34408186e4bbccfd4996cb3dc -> 
  custom:container-muxer-webm: aa71ff27fc2769a1b78a27578f13a17b -> 
  custom:container-demuxer-webm: 4f35f7cbe854078d1ac9338744f61a02 -> 
  custom:video-encoder-webm-vp8: eb34c28f22e8b96e1ab97ce403110664 -> 
  custom:audio-encoder-webm-vorbis: bf7c407c2cedff20999df2af8eb42d56 -> 
  custom:framework-win-MediaFoundation: 216162199b28c13a410421893ffa2e32 -> 
  custom:container-demuxer-ogg: 62fdf1f143b41e24485cea50d1cbac27 -> 
  custom:video-decoder-webm-vp8: 9c59270c3fd7afecdb556c50c9e8de78 -> 
  custom:audio-decoder-ogg-vorbis: bf7c407c2cedff20999df2af8eb42d56 -> 
========================================================================
Received Import Request.
  Time since last request: 225.635556 seconds.
  path: Assets/Art/Sprites/UI_icon_chest_small_noligt.png
  artifactKey: Guid(33dff52f99f7fd144bd1b2e95562e126) Importer(815301076,1909f56bfc062723c751e8b465ee728b)
Start importing Assets/Art/Sprites/UI_icon_chest_small_noligt.png using Guid(33dff52f99f7fd144bd1b2e95562e126) Importer(815301076,1909f56bfc062723c751e8b465ee728b)  -> (artifact id: '7440474bc5e8c7416e46fb306273fb0d') in 0.079026 seconds 
========================================================================
Received Import Request.
  Time since last request: 2553.158118 seconds.
  path: Assets/Art/Sprites/star_flash_alpha.png
  artifactKey: Guid(2a60b19caca568149bb86a27caf43ba0) Importer(815301076,1909f56bfc062723c751e8b465ee728b)
Start importing Assets/Art/Sprites/star_flash_alpha.png using Guid(2a60b19caca568149bb86a27caf43ba0) Importer(815301076,1909f56bfc062723c751e8b465ee728b)  -> (artifact id: '57a87d33ad58678890315ecf6ff98028') in 0.131086 seconds 
========================================================================
Received Import Request.
  Time since last request: 0.000061 seconds.
  path: Assets/Art/Sprites/UI_button_grey_standard.png
  artifactKey: Guid(6155206a4249ac048aed018f07c99921) Importer(815301076,1909f56bfc062723c751e8b465ee728b)
Start importing Assets/Art/Sprites/UI_button_grey_standard.png using Guid(6155206a4249ac048aed018f07c99921) Importer(815301076,1909f56bfc062723c751e8b465ee728b)  -> (artifact id: '137833f26ca6d14c55729a98dfc2785d') in 0.026319 seconds 
========================================================================
Received Import Request.
  Time since last request: 0.000036 seconds.
  path: Assets/Art/Sprites/ui_card_panel_zone_white.png
  artifactKey: Guid(10a593ae23a9f2c419c09f0c78127892) Importer(815301076,1909f56bfc062723c751e8b465ee728b)
Start importing Assets/Art/Sprites/ui_card_panel_zone_white.png using Guid(10a593ae23a9f2c419c09f0c78127892) Importer(815301076,1909f56bfc062723c751e8b465ee728b)  -> (artifact id: 'cb005b972ac205d2dba21a01bcc3435e') in 0.018824 seconds 
========================================================================
Received Import Request.
  Time since last request: 0.000019 seconds.
  path: Assets/Art/Sprites/ui_card_frame_12px_neutral.png
  artifactKey: Guid(f1302bef69b44e143adafb626e1c97db) Importer(815301076,1909f56bfc062723c751e8b465ee728b)
Start importing Assets/Art/Sprites/ui_card_frame_12px_neutral.png using Guid(f1302bef69b44e143adafb626e1c97db) Importer(815301076,1909f56bfc062723c751e8b465ee728b)  -> (artifact id: '84dc6f5379d238bc837a5c47d4839f36') in 0.024115 seconds 
========================================================================
Received Import Request.
  Time since last request: 0.000041 seconds.
  path: Assets/Art/Sprites/ui_card_panel_zone_current.png
  artifactKey: Guid(b4923ee9765b34446ba2affa90ad8705) Importer(815301076,1909f56bfc062723c751e8b465ee728b)
Start importing Assets/Art/Sprites/ui_card_panel_zone_current.png using Guid(b4923ee9765b34446ba2affa90ad8705) Importer(815301076,1909f56bfc062723c751e8b465ee728b)  -> (artifact id: '28b10eb2f7b77337ae533226c385c44f') in 0.019564 seconds 
========================================================================
Received Import Request.
  Time since last request: 0.000026 seconds.
  path: Assets/Art/Sprites/ui_card_frame_gardient.png
  artifactKey: Guid(200f825f5e2e8874ab1565047ea3caf7) Importer(815301076,1909f56bfc062723c751e8b465ee728b)
Start importing Assets/Art/Sprites/ui_card_frame_gardient.png using Guid(200f825f5e2e8874ab1565047ea3caf7) Importer(815301076,1909f56bfc062723c751e8b465ee728b)  -> (artifact id: '9ca91bcadc994e3561fb6daf0ee23582') in 0.019206 seconds 
========================================================================
Received Import Request.
  Time since last request: 0.000039 seconds.
  path: Assets/Art/Sprites/ui_card_panel_zone_bg.png
  artifactKey: Guid(f46a8ea669559a240ad0754b5dedba64) Importer(815301076,1909f56bfc062723c751e8b465ee728b)
Start importing Assets/Art/Sprites/ui_card_panel_zone_bg.png using Guid(f46a8ea669559a240ad0754b5dedba64) Importer(815301076,1909f56bfc062723c751e8b465ee728b)  -> (artifact id: 'f7e7014945ee68859ec6e9eb15443205') in 0.022892 seconds 
========================================================================
Received Import Request.
  Time since last request: 0.000045 seconds.
  path: Assets/Art/Sprites/ui_card_panel_zone_super.png
  artifactKey: Guid(f06bafae25fdb2045a05eff3769786b2) Importer(815301076,1909f56bfc062723c751e8b465ee728b)
Start importing Assets/Art/Sprites/ui_card_panel_zone_super.png using Guid(f06bafae25fdb2045a05eff3769786b2) Importer(815301076,1909f56bfc062723c751e8b465ee728b)  -> (artifact id: 'bcd9dbd3525952c1eb8b89333db7d671') in 0.017765 seconds 
========================================================================
Received Import Request.
  Time since last request: 0.000019 seconds.
  path: Assets/Art/Sprites/UI_icon_chest_big_nolight.png
  artifactKey: Guid(7ab580df1fb10584b9794a66ca615707) Importer(815301076,1909f56bfc062723c751e8b465ee728b)
Start importing Assets/Art/Sprites/UI_icon_chest_big_nolight.png using Guid(7ab580df1fb10584b9794a66ca615707) Importer(815301076,1909f56bfc062723c751e8b465ee728b)  -> (artifact id: 'f14e71b83ece7fd8a1f4f0ad1c61e860') in 0.034460 seconds 
========================================================================
Received Import Request.
  Time since last request: 0.000030 seconds.
  path: Assets/Art/Sprites/ui_icon_aviator_glasses_easter.png
  artifactKey: Guid(7549e1797f0aeec429667de0ff3537fb) Importer(815301076,1909f56bfc062723c751e8b465ee728b)
Start importing Assets/Art/Sprites/ui_icon_aviator_glasses_easter.png using Guid(7549e1797f0aeec429667de0ff3537fb) Importer(815301076,1909f56bfc062723c751e8b465ee728b)  -> (artifact id: '1bd3e23b3d4a3e58e8d828dd12ac8b2d') in 0.039431 seconds 
========================================================================
Received Import Request.
  Time since last request: 0.000039 seconds.
  path: Assets/Art/Sprites/UI_Icons_SMG_Points.png
  artifactKey: Guid(ce591204d68eebe499906646882b29fc) Importer(815301076,1909f56bfc062723c751e8b465ee728b)
Start importing Assets/Art/Sprites/UI_Icons_SMG_Points.png using Guid(ce591204d68eebe499906646882b29fc) Importer(815301076,1909f56bfc062723c751e8b465ee728b)  -> (artifact id: '2a26bae04fe17ee584ba5363800552ad') in 0.025486 seconds 
========================================================================
Received Import Request.
  Time since last request: 8.035754 seconds.
  path: Assets/Art/Sprites/star_flash_alpha.png
  artifactKey: Guid(2a60b19caca568149bb86a27caf43ba0) Importer(815301076,1909f56bfc062723c751e8b465ee728b)
Start importing Assets/Art/Sprites/star_flash_alpha.png using Guid(2a60b19caca568149bb86a27caf43ba0) Importer(815301076,1909f56bfc062723c751e8b465ee728b)  -> (artifact id: '1bfb43957d88f47532da7c1dcbc6caba') in 0.305431 seconds 
Editor requested this worker to shutdown with reason: Scaling down because of idle timeout
AssetImportWorker is now disconnected from the server
Process exiting
Exiting without the bug reporter. Application will terminate with return code 0